<?xml version="1.0"?>

<root available-locales="en_US" default-locale="en_US" version="1.0">
	<dynamic-element field-reference="SingleSelection" index-type="keyword" instance-id="gTvjpM5x" name="SingleSelection" type="radio">
		<dynamic-content language-id="en_US"><![CDATA[[]]]></dynamic-content>
	</dynamic-element>
</root>